# Logfile created on 2014-01-04 00:04:59 +0000 by logger.rb/44203
I, [2014-01-04T00:04:59.913278 #5090]  INFO -- : 0:  blankslate (2.1.2.4) from /usr/local/Cellar/ruby/2.1.0/lib/ruby/gems/2.1.0/specifications/blankslate-2.1.2.4.gemspec
I, [2014-01-04T00:04:59.913559 #5090]  INFO -- : 0:  fast-stemmer (1.0.2) from /usr/local/Cellar/ruby/2.1.0/lib/ruby/gems/2.1.0/specifications/fast-stemmer-1.0.2.gemspec
I, [2014-01-04T00:04:59.913777 #5090]  INFO -- : 0:  classifier (1.3.4) from /usr/local/Cellar/ruby/2.1.0/lib/ruby/gems/2.1.0/specifications/classifier-1.3.4.gemspec
I, [2014-01-04T00:04:59.913997 #5090]  INFO -- : 0:  colorator (0.1) from /usr/local/Cellar/ruby/2.1.0/lib/ruby/gems/2.1.0/specifications/colorator-0.1.gemspec
I, [2014-01-04T00:04:59.914202 #5090]  INFO -- : 0:  highline (1.6.20) from /usr/local/Cellar/ruby/2.1.0/lib/ruby/gems/2.1.0/specifications/highline-1.6.20.gemspec
I, [2014-01-04T00:04:59.914409 #5090]  INFO -- : 0:  commander (4.1.5) from /usr/local/Cellar/ruby/2.1.0/lib/ruby/gems/2.1.0/specifications/commander-4.1.5.gemspec
I, [2014-01-04T00:04:59.914628 #5090]  INFO -- : 0:  ffi (1.9.3) from /usr/local/Cellar/ruby/2.1.0/lib/ruby/gems/2.1.0/specifications/ffi-1.9.3.gemspec
I, [2014-01-04T00:04:59.914832 #5090]  INFO -- : 0:  liquid (2.5.4) from /usr/local/Cellar/ruby/2.1.0/lib/ruby/gems/2.1.0/specifications/liquid-2.5.4.gemspec
I, [2014-01-04T00:04:59.915034 #5090]  INFO -- : 0:  rb-fsevent (0.9.4) from /usr/local/Cellar/ruby/2.1.0/lib/ruby/gems/2.1.0/specifications/rb-fsevent-0.9.4.gemspec
I, [2014-01-04T00:04:59.915232 #5090]  INFO -- : 0:  rb-inotify (0.9.3) from /usr/local/Cellar/ruby/2.1.0/lib/ruby/gems/2.1.0/specifications/rb-inotify-0.9.3.gemspec
I, [2014-01-04T00:04:59.915436 #5090]  INFO -- : 0:  rb-kqueue (0.2.0) from /usr/local/Cellar/ruby/2.1.0/lib/ruby/gems/2.1.0/specifications/rb-kqueue-0.2.0.gemspec
I, [2014-01-04T00:04:59.915646 #5090]  INFO -- : 0:  listen (1.3.1) from /usr/local/Cellar/ruby/2.1.0/lib/ruby/gems/2.1.0/specifications/listen-1.3.1.gemspec
I, [2014-01-04T00:04:59.915849 #5090]  INFO -- : 0:  maruku (0.7.0) from /usr/local/Cellar/ruby/2.1.0/lib/ruby/gems/2.1.0/specifications/maruku-0.7.0.gemspec
I, [2014-01-04T00:04:59.916059 #5090]  INFO -- : 0:  posix-spawn (0.3.8) from /usr/local/Cellar/ruby/2.1.0/lib/ruby/gems/2.1.0/specifications/posix-spawn-0.3.8.gemspec
I, [2014-01-04T00:04:59.916287 #5090]  INFO -- : 0:  yajl-ruby (1.1.0) from /usr/local/Cellar/ruby/2.1.0/lib/ruby/gems/2.1.0/specifications/yajl-ruby-1.1.0.gemspec
I, [2014-01-04T00:04:59.916497 #5090]  INFO -- : 0:  pygments.rb (0.5.4) from /usr/local/Cellar/ruby/2.1.0/lib/ruby/gems/2.1.0/specifications/pygments.rb-0.5.4.gemspec
I, [2014-01-04T00:04:59.916721 #5090]  INFO -- : 0:  redcarpet (2.3.0) from /usr/local/Cellar/ruby/2.1.0/lib/ruby/gems/2.1.0/specifications/redcarpet-2.3.0.gemspec
I, [2014-01-04T00:04:59.916943 #5090]  INFO -- : 0:  safe_yaml (0.9.7) from /usr/local/Cellar/ruby/2.1.0/lib/ruby/gems/2.1.0/specifications/safe_yaml-0.9.7.gemspec
I, [2014-01-04T00:04:59.917144 #5090]  INFO -- : 0:  parslet (1.5.0) from /usr/local/Cellar/ruby/2.1.0/lib/ruby/gems/2.1.0/specifications/parslet-1.5.0.gemspec
I, [2014-01-04T00:04:59.917401 #5090]  INFO -- : 0:  toml (0.1.0) from /usr/local/Cellar/ruby/2.1.0/lib/ruby/gems/2.1.0/specifications/toml-0.1.0.gemspec
I, [2014-01-04T00:04:59.917612 #5090]  INFO -- : 0:  jekyll (1.4.2) from /usr/local/Cellar/ruby/2.1.0/lib/ruby/gems/2.1.0/specifications/jekyll-1.4.2.gemspec
I, [2014-01-04T00:04:59.917835 #5090]  INFO -- : 0:  sass (3.2.13) from /usr/local/Cellar/ruby/2.1.0/lib/ruby/gems/2.1.0/specifications/sass-3.2.13.gemspec
I, [2014-01-04T00:04:59.918016 #5090]  INFO -- : 0:  bundler (1.5.1) from /usr/local/Cellar/ruby/2.1.0/lib/ruby/gems/2.1.0/specifications/bundler-1.5.1.gemspec
I, [2014-01-04T00:05:13.588402 #5119]  INFO -- : 0:  blankslate (2.1.2.4) from /usr/local/Cellar/ruby/2.1.0/lib/ruby/gems/2.1.0/specifications/blankslate-2.1.2.4.gemspec
I, [2014-01-04T00:05:13.588722 #5119]  INFO -- : 0:  fast-stemmer (1.0.2) from /usr/local/Cellar/ruby/2.1.0/lib/ruby/gems/2.1.0/specifications/fast-stemmer-1.0.2.gemspec
I, [2014-01-04T00:05:13.588966 #5119]  INFO -- : 0:  classifier (1.3.4) from /usr/local/Cellar/ruby/2.1.0/lib/ruby/gems/2.1.0/specifications/classifier-1.3.4.gemspec
I, [2014-01-04T00:05:13.589198 #5119]  INFO -- : 0:  colorator (0.1) from /usr/local/Cellar/ruby/2.1.0/lib/ruby/gems/2.1.0/specifications/colorator-0.1.gemspec
I, [2014-01-04T00:05:13.589413 #5119]  INFO -- : 0:  highline (1.6.20) from /usr/local/Cellar/ruby/2.1.0/lib/ruby/gems/2.1.0/specifications/highline-1.6.20.gemspec
I, [2014-01-04T00:05:13.589619 #5119]  INFO -- : 0:  commander (4.1.5) from /usr/local/Cellar/ruby/2.1.0/lib/ruby/gems/2.1.0/specifications/commander-4.1.5.gemspec
I, [2014-01-04T00:05:13.589820 #5119]  INFO -- : 0:  ffi (1.9.3) from /usr/local/Cellar/ruby/2.1.0/lib/ruby/gems/2.1.0/specifications/ffi-1.9.3.gemspec
I, [2014-01-04T00:05:13.590015 #5119]  INFO -- : 0:  liquid (2.5.4) from /usr/local/Cellar/ruby/2.1.0/lib/ruby/gems/2.1.0/specifications/liquid-2.5.4.gemspec
I, [2014-01-04T00:05:13.590225 #5119]  INFO -- : 0:  rb-fsevent (0.9.4) from /usr/local/Cellar/ruby/2.1.0/lib/ruby/gems/2.1.0/specifications/rb-fsevent-0.9.4.gemspec
I, [2014-01-04T00:05:13.590423 #5119]  INFO -- : 0:  rb-inotify (0.9.3) from /usr/local/Cellar/ruby/2.1.0/lib/ruby/gems/2.1.0/specifications/rb-inotify-0.9.3.gemspec
I, [2014-01-04T00:05:13.590624 #5119]  INFO -- : 0:  rb-kqueue (0.2.0) from /usr/local/Cellar/ruby/2.1.0/lib/ruby/gems/2.1.0/specifications/rb-kqueue-0.2.0.gemspec
I, [2014-01-04T00:05:13.590827 #5119]  INFO -- : 0:  listen (1.3.1) from /usr/local/Cellar/ruby/2.1.0/lib/ruby/gems/2.1.0/specifications/listen-1.3.1.gemspec
I, [2014-01-04T00:05:13.591060 #5119]  INFO -- : 0:  maruku (0.7.0) from /usr/local/Cellar/ruby/2.1.0/lib/ruby/gems/2.1.0/specifications/maruku-0.7.0.gemspec
I, [2014-01-04T00:05:13.591264 #5119]  INFO -- : 0:  posix-spawn (0.3.8) from /usr/local/Cellar/ruby/2.1.0/lib/ruby/gems/2.1.0/specifications/posix-spawn-0.3.8.gemspec
I, [2014-01-04T00:05:13.591470 #5119]  INFO -- : 0:  yajl-ruby (1.1.0) from /usr/local/Cellar/ruby/2.1.0/lib/ruby/gems/2.1.0/specifications/yajl-ruby-1.1.0.gemspec
I, [2014-01-04T00:05:13.591670 #5119]  INFO -- : 0:  pygments.rb (0.5.4) from /usr/local/Cellar/ruby/2.1.0/lib/ruby/gems/2.1.0/specifications/pygments.rb-0.5.4.gemspec
I, [2014-01-04T00:05:13.593024 #5119]  INFO -- : 0:  redcarpet (2.3.0) from /usr/local/Cellar/ruby/2.1.0/lib/ruby/gems/2.1.0/specifications/redcarpet-2.3.0.gemspec
I, [2014-01-04T00:05:13.593260 #5119]  INFO -- : 0:  safe_yaml (0.9.7) from /usr/local/Cellar/ruby/2.1.0/lib/ruby/gems/2.1.0/specifications/safe_yaml-0.9.7.gemspec
I, [2014-01-04T00:05:13.593474 #5119]  INFO -- : 0:  parslet (1.5.0) from /usr/local/Cellar/ruby/2.1.0/lib/ruby/gems/2.1.0/specifications/parslet-1.5.0.gemspec
I, [2014-01-04T00:05:13.593682 #5119]  INFO -- : 0:  toml (0.1.0) from /usr/local/Cellar/ruby/2.1.0/lib/ruby/gems/2.1.0/specifications/toml-0.1.0.gemspec
I, [2014-01-04T00:05:13.593891 #5119]  INFO -- : 0:  jekyll (1.4.2) from /usr/local/Cellar/ruby/2.1.0/lib/ruby/gems/2.1.0/specifications/jekyll-1.4.2.gemspec
I, [2014-01-04T00:05:13.594097 #5119]  INFO -- : 0:  rdiscount (2.1.7) from /usr/local/Cellar/ruby/2.1.0/lib/ruby/gems/2.1.0/specifications/rdiscount-2.1.7.gemspec
I, [2014-01-04T00:05:13.594313 #5119]  INFO -- : 0:  sass (3.2.13) from /usr/local/Cellar/ruby/2.1.0/lib/ruby/gems/2.1.0/specifications/sass-3.2.13.gemspec
I, [2014-01-04T00:05:13.594536 #5119]  INFO -- : 0:  bundler (1.5.1) from /usr/local/Cellar/ruby/2.1.0/lib/ruby/gems/2.1.0/specifications/bundler-1.5.1.gemspec
I, [2014-01-04T20:57:56.752570 #802]  INFO -- : 0:  blankslate (2.1.2.4) from /usr/local/Cellar/ruby/2.1.0/lib/ruby/gems/2.1.0/specifications/blankslate-2.1.2.4.gemspec
I, [2014-01-04T20:57:56.769324 #802]  INFO -- : 0:  fast-stemmer (1.0.2) from /usr/local/Cellar/ruby/2.1.0/lib/ruby/gems/2.1.0/specifications/fast-stemmer-1.0.2.gemspec
I, [2014-01-04T20:57:56.769873 #802]  INFO -- : 0:  classifier (1.3.4) from /usr/local/Cellar/ruby/2.1.0/lib/ruby/gems/2.1.0/specifications/classifier-1.3.4.gemspec
I, [2014-01-04T20:57:56.772153 #802]  INFO -- : 0:  colorator (0.1) from /usr/local/Cellar/ruby/2.1.0/lib/ruby/gems/2.1.0/specifications/colorator-0.1.gemspec
I, [2014-01-04T20:57:56.772635 #802]  INFO -- : 0:  highline (1.6.20) from /usr/local/Cellar/ruby/2.1.0/lib/ruby/gems/2.1.0/specifications/highline-1.6.20.gemspec
I, [2014-01-04T20:57:56.773115 #802]  INFO -- : 0:  commander (4.1.5) from /usr/local/Cellar/ruby/2.1.0/lib/ruby/gems/2.1.0/specifications/commander-4.1.5.gemspec
I, [2014-01-04T20:57:56.773567 #802]  INFO -- : 0:  ffi (1.9.3) from /usr/local/Cellar/ruby/2.1.0/lib/ruby/gems/2.1.0/specifications/ffi-1.9.3.gemspec
I, [2014-01-04T20:57:56.774071 #802]  INFO -- : 0:  hike (1.2.3) from /usr/local/Cellar/ruby/2.1.0/lib/ruby/gems/2.1.0/specifications/hike-1.2.3.gemspec
I, [2014-01-04T20:57:56.774515 #802]  INFO -- : 0:  liquid (2.5.4) from /usr/local/Cellar/ruby/2.1.0/lib/ruby/gems/2.1.0/specifications/liquid-2.5.4.gemspec
I, [2014-01-04T20:57:56.775012 #802]  INFO -- : 0:  rb-fsevent (0.9.4) from /usr/local/Cellar/ruby/2.1.0/lib/ruby/gems/2.1.0/specifications/rb-fsevent-0.9.4.gemspec
I, [2014-01-04T20:57:56.775495 #802]  INFO -- : 0:  rb-inotify (0.9.3) from /usr/local/Cellar/ruby/2.1.0/lib/ruby/gems/2.1.0/specifications/rb-inotify-0.9.3.gemspec
I, [2014-01-04T20:57:56.775988 #802]  INFO -- : 0:  rb-kqueue (0.2.0) from /usr/local/Cellar/ruby/2.1.0/lib/ruby/gems/2.1.0/specifications/rb-kqueue-0.2.0.gemspec
I, [2014-01-04T20:57:56.776506 #802]  INFO -- : 0:  listen (1.3.1) from /usr/local/Cellar/ruby/2.1.0/lib/ruby/gems/2.1.0/specifications/listen-1.3.1.gemspec
I, [2014-01-04T20:57:56.776963 #802]  INFO -- : 0:  maruku (0.7.0) from /usr/local/Cellar/ruby/2.1.0/lib/ruby/gems/2.1.0/specifications/maruku-0.7.0.gemspec
I, [2014-01-04T20:57:56.777448 #802]  INFO -- : 0:  posix-spawn (0.3.8) from /usr/local/Cellar/ruby/2.1.0/lib/ruby/gems/2.1.0/specifications/posix-spawn-0.3.8.gemspec
I, [2014-01-04T20:57:56.777912 #802]  INFO -- : 0:  yajl-ruby (1.1.0) from /usr/local/Cellar/ruby/2.1.0/lib/ruby/gems/2.1.0/specifications/yajl-ruby-1.1.0.gemspec
I, [2014-01-04T20:57:56.778343 #802]  INFO -- : 0:  pygments.rb (0.5.4) from /usr/local/Cellar/ruby/2.1.0/lib/ruby/gems/2.1.0/specifications/pygments.rb-0.5.4.gemspec
I, [2014-01-04T20:57:56.778780 #802]  INFO -- : 0:  redcarpet (2.3.0) from /usr/local/Cellar/ruby/2.1.0/lib/ruby/gems/2.1.0/specifications/redcarpet-2.3.0.gemspec
I, [2014-01-04T20:57:56.779208 #802]  INFO -- : 0:  safe_yaml (0.9.7) from /usr/local/Cellar/ruby/2.1.0/lib/ruby/gems/2.1.0/specifications/safe_yaml-0.9.7.gemspec
I, [2014-01-04T20:57:56.779637 #802]  INFO -- : 0:  parslet (1.5.0) from /usr/local/Cellar/ruby/2.1.0/lib/ruby/gems/2.1.0/specifications/parslet-1.5.0.gemspec
I, [2014-01-04T20:57:56.780061 #802]  INFO -- : 0:  toml (0.1.0) from /usr/local/Cellar/ruby/2.1.0/lib/ruby/gems/2.1.0/specifications/toml-0.1.0.gemspec
I, [2014-01-04T20:57:56.780485 #802]  INFO -- : 0:  jekyll (1.4.2) from /usr/local/Cellar/ruby/2.1.0/lib/ruby/gems/2.1.0/specifications/jekyll-1.4.2.gemspec
I, [2014-01-04T20:57:56.780907 #802]  INFO -- : 0:  multi_json (1.8.2) from /usr/local/Cellar/ruby/2.1.0/lib/ruby/gems/2.1.0/specifications/multi_json-1.8.2.gemspec
I, [2014-01-04T20:57:56.781331 #802]  INFO -- : 0:  rack (1.5.2) from /usr/local/Cellar/ruby/2.1.0/lib/ruby/gems/2.1.0/specifications/rack-1.5.2.gemspec
I, [2014-01-04T20:57:56.781725 #802]  INFO -- : 0:  tilt (1.4.1) from /usr/local/Cellar/ruby/2.1.0/lib/ruby/gems/2.1.0/specifications/tilt-1.4.1.gemspec
I, [2014-01-04T20:57:56.782128 #802]  INFO -- : 0:  sprockets (2.10.1) from /usr/local/Cellar/ruby/2.1.0/lib/ruby/gems/2.1.0/specifications/sprockets-2.10.1.gemspec
I, [2014-01-04T20:57:56.782538 #802]  INFO -- : 0:  jekyll-assets (0.7.4) from /usr/local/Cellar/ruby/2.1.0/lib/ruby/gems/2.1.0/specifications/jekyll-assets-0.7.4.gemspec
I, [2014-01-04T20:57:56.782888 #802]  INFO -- : 0:  rdiscount (2.1.7) from /usr/local/Cellar/ruby/2.1.0/lib/ruby/gems/2.1.0/specifications/rdiscount-2.1.7.gemspec
I, [2014-01-04T20:57:56.783084 #802]  INFO -- : 0:  sass (3.2.13) from /usr/local/Cellar/ruby/2.1.0/lib/ruby/gems/2.1.0/specifications/sass-3.2.13.gemspec
I, [2014-01-04T20:57:56.783265 #802]  INFO -- : 0:  bundler (1.5.1) from /usr/local/Cellar/ruby/2.1.0/lib/ruby/gems/2.1.0/specifications/bundler-1.5.1.gemspec
I, [2014-01-04T21:17:44.066965 #1361]  INFO -- : 0:  blankslate (2.1.2.4) from /usr/local/Cellar/ruby/2.1.0/lib/ruby/gems/2.1.0/specifications/blankslate-2.1.2.4.gemspec
I, [2014-01-04T21:17:44.067287 #1361]  INFO -- : 0:  fast-stemmer (1.0.2) from /usr/local/Cellar/ruby/2.1.0/lib/ruby/gems/2.1.0/specifications/fast-stemmer-1.0.2.gemspec
I, [2014-01-04T21:17:44.067506 #1361]  INFO -- : 0:  classifier (1.3.4) from /usr/local/Cellar/ruby/2.1.0/lib/ruby/gems/2.1.0/specifications/classifier-1.3.4.gemspec
I, [2014-01-04T21:17:44.067733 #1361]  INFO -- : 0:  coffee-script-source (1.6.3) from /usr/local/Cellar/ruby/2.1.0/lib/ruby/gems/2.1.0/specifications/coffee-script-source-1.6.3.gemspec
I, [2014-01-04T21:17:44.067948 #1361]  INFO -- : 0:  execjs (2.0.2) from /usr/local/Cellar/ruby/2.1.0/lib/ruby/gems/2.1.0/specifications/execjs-2.0.2.gemspec
I, [2014-01-04T21:17:44.068175 #1361]  INFO -- : 0:  coffee-script (2.2.0) from /usr/local/Cellar/ruby/2.1.0/lib/ruby/gems/2.1.0/specifications/coffee-script-2.2.0.gemspec
I, [2014-01-04T21:17:44.068382 #1361]  INFO -- : 0:  colorator (0.1) from /usr/local/Cellar/ruby/2.1.0/lib/ruby/gems/2.1.0/specifications/colorator-0.1.gemspec
I, [2014-01-04T21:17:44.068617 #1361]  INFO -- : 0:  highline (1.6.20) from /usr/local/Cellar/ruby/2.1.0/lib/ruby/gems/2.1.0/specifications/highline-1.6.20.gemspec
I, [2014-01-04T21:17:44.068830 #1361]  INFO -- : 0:  commander (4.1.5) from /usr/local/Cellar/ruby/2.1.0/lib/ruby/gems/2.1.0/specifications/commander-4.1.5.gemspec
I, [2014-01-04T21:17:44.069037 #1361]  INFO -- : 0:  ffi (1.9.3) from /usr/local/Cellar/ruby/2.1.0/lib/ruby/gems/2.1.0/specifications/ffi-1.9.3.gemspec
I, [2014-01-04T21:17:44.069250 #1361]  INFO -- : 0:  hike (1.2.3) from /usr/local/Cellar/ruby/2.1.0/lib/ruby/gems/2.1.0/specifications/hike-1.2.3.gemspec
I, [2014-01-04T21:17:44.069465 #1361]  INFO -- : 0:  liquid (2.5.4) from /usr/local/Cellar/ruby/2.1.0/lib/ruby/gems/2.1.0/specifications/liquid-2.5.4.gemspec
I, [2014-01-04T21:17:44.069676 #1361]  INFO -- : 0:  rb-fsevent (0.9.4) from /usr/local/Cellar/ruby/2.1.0/lib/ruby/gems/2.1.0/specifications/rb-fsevent-0.9.4.gemspec
I, [2014-01-04T21:17:44.069893 #1361]  INFO -- : 0:  rb-inotify (0.9.3) from /usr/local/Cellar/ruby/2.1.0/lib/ruby/gems/2.1.0/specifications/rb-inotify-0.9.3.gemspec
I, [2014-01-04T21:17:44.070089 #1361]  INFO -- : 0:  rb-kqueue (0.2.0) from /usr/local/Cellar/ruby/2.1.0/lib/ruby/gems/2.1.0/specifications/rb-kqueue-0.2.0.gemspec
I, [2014-01-04T21:17:44.070294 #1361]  INFO -- : 0:  listen (1.3.1) from /usr/local/Cellar/ruby/2.1.0/lib/ruby/gems/2.1.0/specifications/listen-1.3.1.gemspec
I, [2014-01-04T21:17:44.070522 #1361]  INFO -- : 0:  maruku (0.7.0) from /usr/local/Cellar/ruby/2.1.0/lib/ruby/gems/2.1.0/specifications/maruku-0.7.0.gemspec
I, [2014-01-04T21:17:44.070733 #1361]  INFO -- : 0:  posix-spawn (0.3.8) from /usr/local/Cellar/ruby/2.1.0/lib/ruby/gems/2.1.0/specifications/posix-spawn-0.3.8.gemspec
I, [2014-01-04T21:17:44.070936 #1361]  INFO -- : 0:  yajl-ruby (1.1.0) from /usr/local/Cellar/ruby/2.1.0/lib/ruby/gems/2.1.0/specifications/yajl-ruby-1.1.0.gemspec
I, [2014-01-04T21:17:44.071149 #1361]  INFO -- : 0:  pygments.rb (0.5.4) from /usr/local/Cellar/ruby/2.1.0/lib/ruby/gems/2.1.0/specifications/pygments.rb-0.5.4.gemspec
I, [2014-01-04T21:17:44.071357 #1361]  INFO -- : 0:  redcarpet (2.3.0) from /usr/local/Cellar/ruby/2.1.0/lib/ruby/gems/2.1.0/specifications/redcarpet-2.3.0.gemspec
I, [2014-01-04T21:17:44.071564 #1361]  INFO -- : 0:  safe_yaml (0.9.7) from /usr/local/Cellar/ruby/2.1.0/lib/ruby/gems/2.1.0/specifications/safe_yaml-0.9.7.gemspec
I, [2014-01-04T21:17:44.071773 #1361]  INFO -- : 0:  parslet (1.5.0) from /usr/local/Cellar/ruby/2.1.0/lib/ruby/gems/2.1.0/specifications/parslet-1.5.0.gemspec
I, [2014-01-04T21:17:44.071982 #1361]  INFO -- : 0:  toml (0.1.0) from /usr/local/Cellar/ruby/2.1.0/lib/ruby/gems/2.1.0/specifications/toml-0.1.0.gemspec
I, [2014-01-04T21:17:44.072226 #1361]  INFO -- : 0:  jekyll (1.4.2) from /usr/local/Cellar/ruby/2.1.0/lib/ruby/gems/2.1.0/specifications/jekyll-1.4.2.gemspec
I, [2014-01-04T21:17:44.072432 #1361]  INFO -- : 0:  multi_json (1.8.2) from /usr/local/Cellar/ruby/2.1.0/lib/ruby/gems/2.1.0/specifications/multi_json-1.8.2.gemspec
I, [2014-01-04T21:17:44.072640 #1361]  INFO -- : 0:  rack (1.5.2) from /usr/local/Cellar/ruby/2.1.0/lib/ruby/gems/2.1.0/specifications/rack-1.5.2.gemspec
I, [2014-01-04T21:17:44.072847 #1361]  INFO -- : 0:  tilt (1.4.1) from /usr/local/Cellar/ruby/2.1.0/lib/ruby/gems/2.1.0/specifications/tilt-1.4.1.gemspec
I, [2014-01-04T21:17:44.073060 #1361]  INFO -- : 0:  sprockets (2.10.1) from /usr/local/Cellar/ruby/2.1.0/lib/ruby/gems/2.1.0/specifications/sprockets-2.10.1.gemspec
I, [2014-01-04T21:17:44.073264 #1361]  INFO -- : 0:  jekyll-assets (0.7.4) from /usr/local/Cellar/ruby/2.1.0/lib/ruby/gems/2.1.0/specifications/jekyll-assets-0.7.4.gemspec
I, [2014-01-04T21:17:44.073475 #1361]  INFO -- : 0:  rdiscount (2.1.7) from /usr/local/Cellar/ruby/2.1.0/lib/ruby/gems/2.1.0/specifications/rdiscount-2.1.7.gemspec
I, [2014-01-04T21:17:44.073685 #1361]  INFO -- : 0:  sass (3.2.13) from /usr/local/Cellar/ruby/2.1.0/lib/ruby/gems/2.1.0/specifications/sass-3.2.13.gemspec
I, [2014-01-04T21:17:44.073869 #1361]  INFO -- : 0:  bundler (1.5.1) from /usr/local/Cellar/ruby/2.1.0/lib/ruby/gems/2.1.0/specifications/bundler-1.5.1.gemspec
I, [2014-01-04T21:49:00.592149 #1828]  INFO -- : 0:  blankslate (2.1.2.4) from /usr/local/Cellar/ruby/2.1.0/lib/ruby/gems/2.1.0/specifications/blankslate-2.1.2.4.gemspec
I, [2014-01-04T21:49:00.592456 #1828]  INFO -- : 0:  fast-stemmer (1.0.2) from /usr/local/Cellar/ruby/2.1.0/lib/ruby/gems/2.1.0/specifications/fast-stemmer-1.0.2.gemspec
I, [2014-01-04T21:49:00.592687 #1828]  INFO -- : 0:  classifier (1.3.4) from /usr/local/Cellar/ruby/2.1.0/lib/ruby/gems/2.1.0/specifications/classifier-1.3.4.gemspec
I, [2014-01-04T21:49:00.592914 #1828]  INFO -- : 0:  coffee-script-source (1.6.3) from /usr/local/Cellar/ruby/2.1.0/lib/ruby/gems/2.1.0/specifications/coffee-script-source-1.6.3.gemspec
I, [2014-01-04T21:49:00.593128 #1828]  INFO -- : 0:  execjs (2.0.2) from /usr/local/Cellar/ruby/2.1.0/lib/ruby/gems/2.1.0/specifications/execjs-2.0.2.gemspec
I, [2014-01-04T21:49:00.593340 #1828]  INFO -- : 0:  coffee-script (2.2.0) from /usr/local/Cellar/ruby/2.1.0/lib/ruby/gems/2.1.0/specifications/coffee-script-2.2.0.gemspec
I, [2014-01-04T21:49:00.593546 #1828]  INFO -- : 0:  colorator (0.1) from /usr/local/Cellar/ruby/2.1.0/lib/ruby/gems/2.1.0/specifications/colorator-0.1.gemspec
I, [2014-01-04T21:49:00.593752 #1828]  INFO -- : 0:  highline (1.6.20) from /usr/local/Cellar/ruby/2.1.0/lib/ruby/gems/2.1.0/specifications/highline-1.6.20.gemspec
I, [2014-01-04T21:49:00.593954 #1828]  INFO -- : 0:  commander (4.1.5) from /usr/local/Cellar/ruby/2.1.0/lib/ruby/gems/2.1.0/specifications/commander-4.1.5.gemspec
I, [2014-01-04T21:49:00.594171 #1828]  INFO -- : 0:  ffi (1.9.3) from /usr/local/Cellar/ruby/2.1.0/lib/ruby/gems/2.1.0/specifications/ffi-1.9.3.gemspec
I, [2014-01-04T21:49:00.594388 #1828]  INFO -- : 0:  hike (1.2.3) from /usr/local/Cellar/ruby/2.1.0/lib/ruby/gems/2.1.0/specifications/hike-1.2.3.gemspec
I, [2014-01-04T21:49:00.594600 #1828]  INFO -- : 0:  liquid (2.5.4) from /usr/local/Cellar/ruby/2.1.0/lib/ruby/gems/2.1.0/specifications/liquid-2.5.4.gemspec
I, [2014-01-04T21:49:00.594815 #1828]  INFO -- : 0:  rb-fsevent (0.9.4) from /usr/local/Cellar/ruby/2.1.0/lib/ruby/gems/2.1.0/specifications/rb-fsevent-0.9.4.gemspec
I, [2014-01-04T21:49:00.595021 #1828]  INFO -- : 0:  rb-inotify (0.9.3) from /usr/local/Cellar/ruby/2.1.0/lib/ruby/gems/2.1.0/specifications/rb-inotify-0.9.3.gemspec
I, [2014-01-04T21:49:00.595226 #1828]  INFO -- : 0:  rb-kqueue (0.2.0) from /usr/local/Cellar/ruby/2.1.0/lib/ruby/gems/2.1.0/specifications/rb-kqueue-0.2.0.gemspec
I, [2014-01-04T21:49:00.595440 #1828]  INFO -- : 0:  listen (1.3.1) from /usr/local/Cellar/ruby/2.1.0/lib/ruby/gems/2.1.0/specifications/listen-1.3.1.gemspec
I, [2014-01-04T21:49:00.595655 #1828]  INFO -- : 0:  maruku (0.7.0) from /usr/local/Cellar/ruby/2.1.0/lib/ruby/gems/2.1.0/specifications/maruku-0.7.0.gemspec
I, [2014-01-04T21:49:00.595865 #1828]  INFO -- : 0:  posix-spawn (0.3.8) from /usr/local/Cellar/ruby/2.1.0/lib/ruby/gems/2.1.0/specifications/posix-spawn-0.3.8.gemspec
I, [2014-01-04T21:49:00.596074 #1828]  INFO -- : 0:  yajl-ruby (1.1.0) from /usr/local/Cellar/ruby/2.1.0/lib/ruby/gems/2.1.0/specifications/yajl-ruby-1.1.0.gemspec
I, [2014-01-04T21:49:00.596276 #1828]  INFO -- : 0:  pygments.rb (0.5.4) from /usr/local/Cellar/ruby/2.1.0/lib/ruby/gems/2.1.0/specifications/pygments.rb-0.5.4.gemspec
I, [2014-01-04T21:49:00.596484 #1828]  INFO -- : 0:  redcarpet (2.3.0) from /usr/local/Cellar/ruby/2.1.0/lib/ruby/gems/2.1.0/specifications/redcarpet-2.3.0.gemspec
I, [2014-01-04T21:49:00.596696 #1828]  INFO -- : 0:  safe_yaml (0.9.7) from /usr/local/Cellar/ruby/2.1.0/lib/ruby/gems/2.1.0/specifications/safe_yaml-0.9.7.gemspec
I, [2014-01-04T21:49:00.596908 #1828]  INFO -- : 0:  parslet (1.5.0) from /usr/local/Cellar/ruby/2.1.0/lib/ruby/gems/2.1.0/specifications/parslet-1.5.0.gemspec
I, [2014-01-04T21:49:00.597118 #1828]  INFO -- : 0:  toml (0.1.0) from /usr/local/Cellar/ruby/2.1.0/lib/ruby/gems/2.1.0/specifications/toml-0.1.0.gemspec
I, [2014-01-04T21:49:00.597320 #1828]  INFO -- : 0:  jekyll (1.4.2) from /usr/local/Cellar/ruby/2.1.0/lib/ruby/gems/2.1.0/specifications/jekyll-1.4.2.gemspec
I, [2014-01-04T21:49:00.597522 #1828]  INFO -- : 0:  multi_json (1.8.2) from /usr/local/Cellar/ruby/2.1.0/lib/ruby/gems/2.1.0/specifications/multi_json-1.8.2.gemspec
I, [2014-01-04T21:49:00.597729 #1828]  INFO -- : 0:  rack (1.5.2) from /usr/local/Cellar/ruby/2.1.0/lib/ruby/gems/2.1.0/specifications/rack-1.5.2.gemspec
I, [2014-01-04T21:49:00.597945 #1828]  INFO -- : 0:  tilt (1.4.1) from /usr/local/Cellar/ruby/2.1.0/lib/ruby/gems/2.1.0/specifications/tilt-1.4.1.gemspec
I, [2014-01-04T21:49:00.598151 #1828]  INFO -- : 0:  sprockets (2.10.1) from /usr/local/Cellar/ruby/2.1.0/lib/ruby/gems/2.1.0/specifications/sprockets-2.10.1.gemspec
I, [2014-01-04T21:49:00.598350 #1828]  INFO -- : 0:  jekyll-assets (0.7.4) from /usr/local/Cellar/ruby/2.1.0/lib/ruby/gems/2.1.0/specifications/jekyll-assets-0.7.4.gemspec
I, [2014-01-04T21:49:00.598569 #1828]  INFO -- : 0:  json (1.8.1) from /usr/local/Cellar/ruby/2.1.0/lib/ruby/gems/2.1.0/specifications/default/json-1.8.1.gemspec
I, [2014-01-04T21:49:00.598771 #1828]  INFO -- : 0:  rdiscount (2.1.7) from /usr/local/Cellar/ruby/2.1.0/lib/ruby/gems/2.1.0/specifications/rdiscount-2.1.7.gemspec
I, [2014-01-04T21:49:00.598975 #1828]  INFO -- : 0:  sass (3.2.13) from /usr/local/Cellar/ruby/2.1.0/lib/ruby/gems/2.1.0/specifications/sass-3.2.13.gemspec
I, [2014-01-04T21:49:00.599186 #1828]  INFO -- : 0:  uglifier (2.4.0) from /usr/local/Cellar/ruby/2.1.0/lib/ruby/gems/2.1.0/specifications/uglifier-2.4.0.gemspec
I, [2014-01-04T21:49:00.599369 #1828]  INFO -- : 0:  bundler (1.5.1) from /usr/local/Cellar/ruby/2.1.0/lib/ruby/gems/2.1.0/specifications/bundler-1.5.1.gemspec
I, [2014-01-04T22:07:24.427874 #2262]  INFO -- : 0:  blankslate (2.1.2.4) from /usr/local/Cellar/ruby/2.1.0/lib/ruby/gems/2.1.0/specifications/blankslate-2.1.2.4.gemspec
I, [2014-01-04T22:07:24.428167 #2262]  INFO -- : 0:  fast-stemmer (1.0.2) from /usr/local/Cellar/ruby/2.1.0/lib/ruby/gems/2.1.0/specifications/fast-stemmer-1.0.2.gemspec
I, [2014-01-04T22:07:24.428377 #2262]  INFO -- : 0:  classifier (1.3.4) from /usr/local/Cellar/ruby/2.1.0/lib/ruby/gems/2.1.0/specifications/classifier-1.3.4.gemspec
I, [2014-01-04T22:07:24.428611 #2262]  INFO -- : 0:  coffee-script-source (1.6.3) from /usr/local/Cellar/ruby/2.1.0/lib/ruby/gems/2.1.0/specifications/coffee-script-source-1.6.3.gemspec
I, [2014-01-04T22:07:24.428818 #2262]  INFO -- : 0:  execjs (2.0.2) from /usr/local/Cellar/ruby/2.1.0/lib/ruby/gems/2.1.0/specifications/execjs-2.0.2.gemspec
I, [2014-01-04T22:07:24.429038 #2262]  INFO -- : 0:  coffee-script (2.2.0) from /usr/local/Cellar/ruby/2.1.0/lib/ruby/gems/2.1.0/specifications/coffee-script-2.2.0.gemspec
I, [2014-01-04T22:07:24.429272 #2262]  INFO -- : 0:  colorator (0.1) from /usr/local/Cellar/ruby/2.1.0/lib/ruby/gems/2.1.0/specifications/colorator-0.1.gemspec
I, [2014-01-04T22:07:24.429479 #2262]  INFO -- : 0:  highline (1.6.20) from /usr/local/Cellar/ruby/2.1.0/lib/ruby/gems/2.1.0/specifications/highline-1.6.20.gemspec
I, [2014-01-04T22:07:24.429705 #2262]  INFO -- : 0:  commander (4.1.5) from /usr/local/Cellar/ruby/2.1.0/lib/ruby/gems/2.1.0/specifications/commander-4.1.5.gemspec
I, [2014-01-04T22:07:24.429907 #2262]  INFO -- : 0:  ffi (1.9.3) from /usr/local/Cellar/ruby/2.1.0/lib/ruby/gems/2.1.0/specifications/ffi-1.9.3.gemspec
I, [2014-01-04T22:07:24.430107 #2262]  INFO -- : 0:  hike (1.2.3) from /usr/local/Cellar/ruby/2.1.0/lib/ruby/gems/2.1.0/specifications/hike-1.2.3.gemspec
I, [2014-01-04T22:07:24.430312 #2262]  INFO -- : 0:  liquid (2.5.4) from /usr/local/Cellar/ruby/2.1.0/lib/ruby/gems/2.1.0/specifications/liquid-2.5.4.gemspec
I, [2014-01-04T22:07:24.430522 #2262]  INFO -- : 0:  rb-fsevent (0.9.4) from /usr/local/Cellar/ruby/2.1.0/lib/ruby/gems/2.1.0/specifications/rb-fsevent-0.9.4.gemspec
I, [2014-01-04T22:07:24.430732 #2262]  INFO -- : 0:  rb-inotify (0.9.3) from /usr/local/Cellar/ruby/2.1.0/lib/ruby/gems/2.1.0/specifications/rb-inotify-0.9.3.gemspec
I, [2014-01-04T22:07:24.430953 #2262]  INFO -- : 0:  rb-kqueue (0.2.0) from /usr/local/Cellar/ruby/2.1.0/lib/ruby/gems/2.1.0/specifications/rb-kqueue-0.2.0.gemspec
I, [2014-01-04T22:07:24.431155 #2262]  INFO -- : 0:  listen (1.3.1) from /usr/local/Cellar/ruby/2.1.0/lib/ruby/gems/2.1.0/specifications/listen-1.3.1.gemspec
I, [2014-01-04T22:07:24.431365 #2262]  INFO -- : 0:  maruku (0.7.0) from /usr/local/Cellar/ruby/2.1.0/lib/ruby/gems/2.1.0/specifications/maruku-0.7.0.gemspec
I, [2014-01-04T22:07:24.431594 #2262]  INFO -- : 0:  posix-spawn (0.3.8) from /usr/local/Cellar/ruby/2.1.0/lib/ruby/gems/2.1.0/specifications/posix-spawn-0.3.8.gemspec
I, [2014-01-04T22:07:24.431800 #2262]  INFO -- : 0:  yajl-ruby (1.1.0) from /usr/local/Cellar/ruby/2.1.0/lib/ruby/gems/2.1.0/specifications/yajl-ruby-1.1.0.gemspec
I, [2014-01-04T22:07:24.432015 #2262]  INFO -- : 0:  pygments.rb (0.5.4) from /usr/local/Cellar/ruby/2.1.0/lib/ruby/gems/2.1.0/specifications/pygments.rb-0.5.4.gemspec
I, [2014-01-04T22:07:24.432216 #2262]  INFO -- : 0:  redcarpet (2.3.0) from /usr/local/Cellar/ruby/2.1.0/lib/ruby/gems/2.1.0/specifications/redcarpet-2.3.0.gemspec
I, [2014-01-04T22:07:24.432424 #2262]  INFO -- : 0:  safe_yaml (0.9.7) from /usr/local/Cellar/ruby/2.1.0/lib/ruby/gems/2.1.0/specifications/safe_yaml-0.9.7.gemspec
I, [2014-01-04T22:07:24.432621 #2262]  INFO -- : 0:  parslet (1.5.0) from /usr/local/Cellar/ruby/2.1.0/lib/ruby/gems/2.1.0/specifications/parslet-1.5.0.gemspec
I, [2014-01-04T22:07:24.432823 #2262]  INFO -- : 0:  toml (0.1.0) from /usr/local/Cellar/ruby/2.1.0/lib/ruby/gems/2.1.0/specifications/toml-0.1.0.gemspec
I, [2014-01-04T22:07:24.433057 #2262]  INFO -- : 0:  jekyll (1.4.2) from /usr/local/Cellar/ruby/2.1.0/lib/ruby/gems/2.1.0/specifications/jekyll-1.4.2.gemspec
I, [2014-01-04T22:07:24.433272 #2262]  INFO -- : 0:  multi_json (1.8.2) from /usr/local/Cellar/ruby/2.1.0/lib/ruby/gems/2.1.0/specifications/multi_json-1.8.2.gemspec
I, [2014-01-04T22:07:24.433487 #2262]  INFO -- : 0:  rack (1.5.2) from /usr/local/Cellar/ruby/2.1.0/lib/ruby/gems/2.1.0/specifications/rack-1.5.2.gemspec
I, [2014-01-04T22:07:24.433687 #2262]  INFO -- : 0:  tilt (1.4.1) from /usr/local/Cellar/ruby/2.1.0/lib/ruby/gems/2.1.0/specifications/tilt-1.4.1.gemspec
I, [2014-01-04T22:07:24.433893 #2262]  INFO -- : 0:  sprockets (2.10.1) from /usr/local/Cellar/ruby/2.1.0/lib/ruby/gems/2.1.0/specifications/sprockets-2.10.1.gemspec
I, [2014-01-04T22:07:24.434100 #2262]  INFO -- : 0:  jekyll-assets (0.7.4) from /usr/local/Cellar/ruby/2.1.0/lib/ruby/gems/2.1.0/specifications/jekyll-assets-0.7.4.gemspec
I, [2014-01-04T22:07:24.434272 #2262]  INFO -- : 0:  json (1.8.1) from /usr/local/Cellar/ruby/2.1.0/lib/ruby/gems/2.1.0/specifications/default/json-1.8.1.gemspec
I, [2014-01-04T22:07:24.434473 #2262]  INFO -- : 0:  rdiscount (2.1.7) from /usr/local/Cellar/ruby/2.1.0/lib/ruby/gems/2.1.0/specifications/rdiscount-2.1.7.gemspec
I, [2014-01-04T22:07:24.434676 #2262]  INFO -- : 0:  sass (3.2.13) from /usr/local/Cellar/ruby/2.1.0/lib/ruby/gems/2.1.0/specifications/sass-3.2.13.gemspec
I, [2014-01-04T22:07:24.434874 #2262]  INFO -- : 0:  uglifier (2.4.0) from /usr/local/Cellar/ruby/2.1.0/lib/ruby/gems/2.1.0/specifications/uglifier-2.4.0.gemspec
I, [2014-01-04T22:07:24.435072 #2262]  INFO -- : 0:  bundler (1.5.1) from /usr/local/Cellar/ruby/2.1.0/lib/ruby/gems/2.1.0/specifications/bundler-1.5.1.gemspec
I, [2014-01-04T22:07:40.878598 #2283]  INFO -- : 0:  blankslate (2.1.2.4) from /usr/local/Cellar/ruby/2.1.0/lib/ruby/gems/2.1.0/specifications/blankslate-2.1.2.4.gemspec
I, [2014-01-04T22:07:40.878887 #2283]  INFO -- : 0:  fast-stemmer (1.0.2) from /usr/local/Cellar/ruby/2.1.0/lib/ruby/gems/2.1.0/specifications/fast-stemmer-1.0.2.gemspec
I, [2014-01-04T22:07:40.879099 #2283]  INFO -- : 0:  classifier (1.3.4) from /usr/local/Cellar/ruby/2.1.0/lib/ruby/gems/2.1.0/specifications/classifier-1.3.4.gemspec
I, [2014-01-04T22:07:40.879329 #2283]  INFO -- : 0:  coffee-script-source (1.6.3) from /usr/local/Cellar/ruby/2.1.0/lib/ruby/gems/2.1.0/specifications/coffee-script-source-1.6.3.gemspec
I, [2014-01-04T22:07:40.879533 #2283]  INFO -- : 0:  execjs (2.0.2) from /usr/local/Cellar/ruby/2.1.0/lib/ruby/gems/2.1.0/specifications/execjs-2.0.2.gemspec
I, [2014-01-04T22:07:40.879753 #2283]  INFO -- : 0:  coffee-script (2.2.0) from /usr/local/Cellar/ruby/2.1.0/lib/ruby/gems/2.1.0/specifications/coffee-script-2.2.0.gemspec
I, [2014-01-04T22:07:40.879971 #2283]  INFO -- : 0:  colorator (0.1) from /usr/local/Cellar/ruby/2.1.0/lib/ruby/gems/2.1.0/specifications/colorator-0.1.gemspec
I, [2014-01-04T22:07:40.880176 #2283]  INFO -- : 0:  highline (1.6.20) from /usr/local/Cellar/ruby/2.1.0/lib/ruby/gems/2.1.0/specifications/highline-1.6.20.gemspec
I, [2014-01-04T22:07:40.880403 #2283]  INFO -- : 0:  commander (4.1.5) from /usr/local/Cellar/ruby/2.1.0/lib/ruby/gems/2.1.0/specifications/commander-4.1.5.gemspec
I, [2014-01-04T22:07:40.880605 #2283]  INFO -- : 0:  ffi (1.9.3) from /usr/local/Cellar/ruby/2.1.0/lib/ruby/gems/2.1.0/specifications/ffi-1.9.3.gemspec
I, [2014-01-04T22:07:40.880804 #2283]  INFO -- : 0:  hike (1.2.3) from /usr/local/Cellar/ruby/2.1.0/lib/ruby/gems/2.1.0/specifications/hike-1.2.3.gemspec
I, [2014-01-04T22:07:40.881013 #2283]  INFO -- : 0:  liquid (2.5.4) from /usr/local/Cellar/ruby/2.1.0/lib/ruby/gems/2.1.0/specifications/liquid-2.5.4.gemspec
I, [2014-01-04T22:07:40.881224 #2283]  INFO -- : 0:  rb-fsevent (0.9.4) from /usr/local/Cellar/ruby/2.1.0/lib/ruby/gems/2.1.0/specifications/rb-fsevent-0.9.4.gemspec
I, [2014-01-04T22:07:40.881433 #2283]  INFO -- : 0:  rb-inotify (0.9.3) from /usr/local/Cellar/ruby/2.1.0/lib/ruby/gems/2.1.0/specifications/rb-inotify-0.9.3.gemspec
I, [2014-01-04T22:07:40.881653 #2283]  INFO -- : 0:  rb-kqueue (0.2.0) from /usr/local/Cellar/ruby/2.1.0/lib/ruby/gems/2.1.0/specifications/rb-kqueue-0.2.0.gemspec
I, [2014-01-04T22:07:40.881855 #2283]  INFO -- : 0:  listen (1.3.1) from /usr/local/Cellar/ruby/2.1.0/lib/ruby/gems/2.1.0/specifications/listen-1.3.1.gemspec
I, [2014-01-04T22:07:40.882065 #2283]  INFO -- : 0:  maruku (0.7.0) from /usr/local/Cellar/ruby/2.1.0/lib/ruby/gems/2.1.0/specifications/maruku-0.7.0.gemspec
I, [2014-01-04T22:07:40.882298 #2283]  INFO -- : 0:  posix-spawn (0.3.8) from /usr/local/Cellar/ruby/2.1.0/lib/ruby/gems/2.1.0/specifications/posix-spawn-0.3.8.gemspec
I, [2014-01-04T22:07:40.882506 #2283]  INFO -- : 0:  yajl-ruby (1.1.0) from /usr/local/Cellar/ruby/2.1.0/lib/ruby/gems/2.1.0/specifications/yajl-ruby-1.1.0.gemspec
I, [2014-01-04T22:07:40.882719 #2283]  INFO -- : 0:  pygments.rb (0.5.4) from /usr/local/Cellar/ruby/2.1.0/lib/ruby/gems/2.1.0/specifications/pygments.rb-0.5.4.gemspec
I, [2014-01-04T22:07:40.882919 #2283]  INFO -- : 0:  redcarpet (2.3.0) from /usr/local/Cellar/ruby/2.1.0/lib/ruby/gems/2.1.0/specifications/redcarpet-2.3.0.gemspec
I, [2014-01-04T22:07:40.883131 #2283]  INFO -- : 0:  safe_yaml (0.9.7) from /usr/local/Cellar/ruby/2.1.0/lib/ruby/gems/2.1.0/specifications/safe_yaml-0.9.7.gemspec
I, [2014-01-04T22:07:40.883532 #2283]  INFO -- : 0:  parslet (1.5.0) from /usr/local/Cellar/ruby/2.1.0/lib/ruby/gems/2.1.0/specifications/parslet-1.5.0.gemspec
I, [2014-01-04T22:07:40.883741 #2283]  INFO -- : 0:  toml (0.1.0) from /usr/local/Cellar/ruby/2.1.0/lib/ruby/gems/2.1.0/specifications/toml-0.1.0.gemspec
I, [2014-01-04T22:07:40.883975 #2283]  INFO -- : 0:  jekyll (1.4.2) from /usr/local/Cellar/ruby/2.1.0/lib/ruby/gems/2.1.0/specifications/jekyll-1.4.2.gemspec
I, [2014-01-04T22:07:40.884191 #2283]  INFO -- : 0:  multi_json (1.8.2) from /usr/local/Cellar/ruby/2.1.0/lib/ruby/gems/2.1.0/specifications/multi_json-1.8.2.gemspec
I, [2014-01-04T22:07:40.884403 #2283]  INFO -- : 0:  rack (1.5.2) from /usr/local/Cellar/ruby/2.1.0/lib/ruby/gems/2.1.0/specifications/rack-1.5.2.gemspec
I, [2014-01-04T22:07:40.884603 #2283]  INFO -- : 0:  tilt (1.4.1) from /usr/local/Cellar/ruby/2.1.0/lib/ruby/gems/2.1.0/specifications/tilt-1.4.1.gemspec
I, [2014-01-04T22:07:40.884808 #2283]  INFO -- : 0:  sprockets (2.10.1) from /usr/local/Cellar/ruby/2.1.0/lib/ruby/gems/2.1.0/specifications/sprockets-2.10.1.gemspec
I, [2014-01-04T22:07:40.885016 #2283]  INFO -- : 0:  jekyll-assets (0.7.4) from /usr/local/Cellar/ruby/2.1.0/lib/ruby/gems/2.1.0/specifications/jekyll-assets-0.7.4.gemspec
I, [2014-01-04T22:07:40.885188 #2283]  INFO -- : 0:  json (1.8.1) from /usr/local/Cellar/ruby/2.1.0/lib/ruby/gems/2.1.0/specifications/default/json-1.8.1.gemspec
I, [2014-01-04T22:07:40.885393 #2283]  INFO -- : 0:  rdiscount (2.1.7) from /usr/local/Cellar/ruby/2.1.0/lib/ruby/gems/2.1.0/specifications/rdiscount-2.1.7.gemspec
I, [2014-01-04T22:07:40.885587 #2283]  INFO -- : 0:  sass (3.2.13) from /usr/local/Cellar/ruby/2.1.0/lib/ruby/gems/2.1.0/specifications/sass-3.2.13.gemspec
I, [2014-01-04T22:07:40.885789 #2283]  INFO -- : 0:  uglifier (2.4.0) from /usr/local/Cellar/ruby/2.1.0/lib/ruby/gems/2.1.0/specifications/uglifier-2.4.0.gemspec
I, [2014-01-04T22:07:40.885983 #2283]  INFO -- : 0:  bundler (1.5.1) from /usr/local/Cellar/ruby/2.1.0/lib/ruby/gems/2.1.0/specifications/bundler-1.5.1.gemspec
I, [2014-01-04T22:07:51.406952 #2295]  INFO -- : 0:  blankslate (2.1.2.4) from /usr/local/Cellar/ruby/2.1.0/lib/ruby/gems/2.1.0/specifications/blankslate-2.1.2.4.gemspec
I, [2014-01-04T22:07:51.407265 #2295]  INFO -- : 0:  fast-stemmer (1.0.2) from /usr/local/Cellar/ruby/2.1.0/lib/ruby/gems/2.1.0/specifications/fast-stemmer-1.0.2.gemspec
I, [2014-01-04T22:07:51.407485 #2295]  INFO -- : 0:  classifier (1.3.4) from /usr/local/Cellar/ruby/2.1.0/lib/ruby/gems/2.1.0/specifications/classifier-1.3.4.gemspec
I, [2014-01-04T22:07:51.407712 #2295]  INFO -- : 0:  closure-compiler (1.1.10) from /usr/local/Cellar/ruby/2.1.0/lib/ruby/gems/2.1.0/specifications/closure-compiler-1.1.10.gemspec
I, [2014-01-04T22:07:51.407928 #2295]  INFO -- : 0:  coffee-script-source (1.6.3) from /usr/local/Cellar/ruby/2.1.0/lib/ruby/gems/2.1.0/specifications/coffee-script-source-1.6.3.gemspec
I, [2014-01-04T22:07:51.408150 #2295]  INFO -- : 0:  execjs (2.0.2) from /usr/local/Cellar/ruby/2.1.0/lib/ruby/gems/2.1.0/specifications/execjs-2.0.2.gemspec
I, [2014-01-04T22:07:51.408369 #2295]  INFO -- : 0:  coffee-script (2.2.0) from /usr/local/Cellar/ruby/2.1.0/lib/ruby/gems/2.1.0/specifications/coffee-script-2.2.0.gemspec
I, [2014-01-04T22:07:51.408577 #2295]  INFO -- : 0:  colorator (0.1) from /usr/local/Cellar/ruby/2.1.0/lib/ruby/gems/2.1.0/specifications/colorator-0.1.gemspec
I, [2014-01-04T22:07:51.408789 #2295]  INFO -- : 0:  highline (1.6.20) from /usr/local/Cellar/ruby/2.1.0/lib/ruby/gems/2.1.0/specifications/highline-1.6.20.gemspec
I, [2014-01-04T22:07:51.408987 #2295]  INFO -- : 0:  commander (4.1.5) from /usr/local/Cellar/ruby/2.1.0/lib/ruby/gems/2.1.0/specifications/commander-4.1.5.gemspec
I, [2014-01-04T22:07:51.409186 #2295]  INFO -- : 0:  ffi (1.9.3) from /usr/local/Cellar/ruby/2.1.0/lib/ruby/gems/2.1.0/specifications/ffi-1.9.3.gemspec
I, [2014-01-04T22:07:51.409386 #2295]  INFO -- : 0:  hike (1.2.3) from /usr/local/Cellar/ruby/2.1.0/lib/ruby/gems/2.1.0/specifications/hike-1.2.3.gemspec
I, [2014-01-04T22:07:51.409613 #2295]  INFO -- : 0:  liquid (2.5.4) from /usr/local/Cellar/ruby/2.1.0/lib/ruby/gems/2.1.0/specifications/liquid-2.5.4.gemspec
I, [2014-01-04T22:07:51.409823 #2295]  INFO -- : 0:  rb-fsevent (0.9.4) from /usr/local/Cellar/ruby/2.1.0/lib/ruby/gems/2.1.0/specifications/rb-fsevent-0.9.4.gemspec
I, [2014-01-04T22:07:51.410031 #2295]  INFO -- : 0:  rb-inotify (0.9.3) from /usr/local/Cellar/ruby/2.1.0/lib/ruby/gems/2.1.0/specifications/rb-inotify-0.9.3.gemspec
I, [2014-01-04T22:07:51.410233 #2295]  INFO -- : 0:  rb-kqueue (0.2.0) from /usr/local/Cellar/ruby/2.1.0/lib/ruby/gems/2.1.0/specifications/rb-kqueue-0.2.0.gemspec
I, [2014-01-04T22:07:51.410455 #2295]  INFO -- : 0:  listen (1.3.1) from /usr/local/Cellar/ruby/2.1.0/lib/ruby/gems/2.1.0/specifications/listen-1.3.1.gemspec
I, [2014-01-04T22:07:51.410661 #2295]  INFO -- : 0:  maruku (0.7.0) from /usr/local/Cellar/ruby/2.1.0/lib/ruby/gems/2.1.0/specifications/maruku-0.7.0.gemspec
I, [2014-01-04T22:07:51.410870 #2295]  INFO -- : 0:  posix-spawn (0.3.8) from /usr/local/Cellar/ruby/2.1.0/lib/ruby/gems/2.1.0/specifications/posix-spawn-0.3.8.gemspec
I, [2014-01-04T22:07:51.411072 #2295]  INFO -- : 0:  yajl-ruby (1.1.0) from /usr/local/Cellar/ruby/2.1.0/lib/ruby/gems/2.1.0/specifications/yajl-ruby-1.1.0.gemspec
I, [2014-01-04T22:07:51.411276 #2295]  INFO -- : 0:  pygments.rb (0.5.4) from /usr/local/Cellar/ruby/2.1.0/lib/ruby/gems/2.1.0/specifications/pygments.rb-0.5.4.gemspec
I, [2014-01-04T22:07:51.411488 #2295]  INFO -- : 0:  redcarpet (2.3.0) from /usr/local/Cellar/ruby/2.1.0/lib/ruby/gems/2.1.0/specifications/redcarpet-2.3.0.gemspec
I, [2014-01-04T22:07:51.411685 #2295]  INFO -- : 0:  safe_yaml (0.9.7) from /usr/local/Cellar/ruby/2.1.0/lib/ruby/gems/2.1.0/specifications/safe_yaml-0.9.7.gemspec
I, [2014-01-04T22:07:51.411896 #2295]  INFO -- : 0:  parslet (1.5.0) from /usr/local/Cellar/ruby/2.1.0/lib/ruby/gems/2.1.0/specifications/parslet-1.5.0.gemspec
I, [2014-01-04T22:07:51.412094 #2295]  INFO -- : 0:  toml (0.1.0) from /usr/local/Cellar/ruby/2.1.0/lib/ruby/gems/2.1.0/specifications/toml-0.1.0.gemspec
I, [2014-01-04T22:07:51.412316 #2295]  INFO -- : 0:  jekyll (1.4.2) from /usr/local/Cellar/ruby/2.1.0/lib/ruby/gems/2.1.0/specifications/jekyll-1.4.2.gemspec
I, [2014-01-04T22:07:51.412525 #2295]  INFO -- : 0:  multi_json (1.8.2) from /usr/local/Cellar/ruby/2.1.0/lib/ruby/gems/2.1.0/specifications/multi_json-1.8.2.gemspec
I, [2014-01-04T22:07:51.412724 #2295]  INFO -- : 0:  rack (1.5.2) from /usr/local/Cellar/ruby/2.1.0/lib/ruby/gems/2.1.0/specifications/rack-1.5.2.gemspec
I, [2014-01-04T22:07:51.412925 #2295]  INFO -- : 0:  tilt (1.4.1) from /usr/local/Cellar/ruby/2.1.0/lib/ruby/gems/2.1.0/specifications/tilt-1.4.1.gemspec
I, [2014-01-04T22:07:51.413129 #2295]  INFO -- : 0:  sprockets (2.10.1) from /usr/local/Cellar/ruby/2.1.0/lib/ruby/gems/2.1.0/specifications/sprockets-2.10.1.gemspec
I, [2014-01-04T22:07:51.413331 #2295]  INFO -- : 0:  jekyll-assets (0.7.4) from /usr/local/Cellar/ruby/2.1.0/lib/ruby/gems/2.1.0/specifications/jekyll-assets-0.7.4.gemspec
I, [2014-01-04T22:07:51.413536 #2295]  INFO -- : 0:  rdiscount (2.1.7) from /usr/local/Cellar/ruby/2.1.0/lib/ruby/gems/2.1.0/specifications/rdiscount-2.1.7.gemspec
I, [2014-01-04T22:07:51.413754 #2295]  INFO -- : 0:  sass (3.2.13) from /usr/local/Cellar/ruby/2.1.0/lib/ruby/gems/2.1.0/specifications/sass-3.2.13.gemspec
I, [2014-01-04T22:07:51.413940 #2295]  INFO -- : 0:  bundler (1.5.1) from /usr/local/Cellar/ruby/2.1.0/lib/ruby/gems/2.1.0/specifications/bundler-1.5.1.gemspec
I, [2014-01-04T22:11:35.236310 #2495]  INFO -- : 0:  blankslate (2.1.2.4) from /usr/local/Cellar/ruby/2.1.0/lib/ruby/gems/2.1.0/specifications/blankslate-2.1.2.4.gemspec
I, [2014-01-04T22:11:35.236601 #2495]  INFO -- : 0:  fast-stemmer (1.0.2) from /usr/local/Cellar/ruby/2.1.0/lib/ruby/gems/2.1.0/specifications/fast-stemmer-1.0.2.gemspec
I, [2014-01-04T22:11:35.236816 #2495]  INFO -- : 0:  classifier (1.3.4) from /usr/local/Cellar/ruby/2.1.0/lib/ruby/gems/2.1.0/specifications/classifier-1.3.4.gemspec
I, [2014-01-04T22:11:35.237041 #2495]  INFO -- : 0:  closure-compiler (1.1.10) from /usr/local/Cellar/ruby/2.1.0/lib/ruby/gems/2.1.0/specifications/closure-compiler-1.1.10.gemspec
I, [2014-01-04T22:11:35.237268 #2495]  INFO -- : 0:  coffee-script-source (1.6.3) from /usr/local/Cellar/ruby/2.1.0/lib/ruby/gems/2.1.0/specifications/coffee-script-source-1.6.3.gemspec
I, [2014-01-04T22:11:35.237472 #2495]  INFO -- : 0:  execjs (2.0.2) from /usr/local/Cellar/ruby/2.1.0/lib/ruby/gems/2.1.0/specifications/execjs-2.0.2.gemspec
I, [2014-01-04T22:11:35.237691 #2495]  INFO -- : 0:  coffee-script (2.2.0) from /usr/local/Cellar/ruby/2.1.0/lib/ruby/gems/2.1.0/specifications/coffee-script-2.2.0.gemspec
I, [2014-01-04T22:11:35.237903 #2495]  INFO -- : 0:  colorator (0.1) from /usr/local/Cellar/ruby/2.1.0/lib/ruby/gems/2.1.0/specifications/colorator-0.1.gemspec
I, [2014-01-04T22:11:35.238108 #2495]  INFO -- : 0:  highline (1.6.20) from /usr/local/Cellar/ruby/2.1.0/lib/ruby/gems/2.1.0/specifications/highline-1.6.20.gemspec
I, [2014-01-04T22:11:35.238333 #2495]  INFO -- : 0:  commander (4.1.5) from /usr/local/Cellar/ruby/2.1.0/lib/ruby/gems/2.1.0/specifications/commander-4.1.5.gemspec
I, [2014-01-04T22:11:35.238535 #2495]  INFO -- : 0:  ffi (1.9.3) from /usr/local/Cellar/ruby/2.1.0/lib/ruby/gems/2.1.0/specifications/ffi-1.9.3.gemspec
I, [2014-01-04T22:11:35.238736 #2495]  INFO -- : 0:  hike (1.2.3) from /usr/local/Cellar/ruby/2.1.0/lib/ruby/gems/2.1.0/specifications/hike-1.2.3.gemspec
I, [2014-01-04T22:11:35.238939 #2495]  INFO -- : 0:  liquid (2.5.4) from /usr/local/Cellar/ruby/2.1.0/lib/ruby/gems/2.1.0/specifications/liquid-2.5.4.gemspec
I, [2014-01-04T22:11:35.239174 #2495]  INFO -- : 0:  rb-fsevent (0.9.4) from /usr/local/Cellar/ruby/2.1.0/lib/ruby/gems/2.1.0/specifications/rb-fsevent-0.9.4.gemspec
I, [2014-01-04T22:11:35.239372 #2495]  INFO -- : 0:  rb-inotify (0.9.3) from /usr/local/Cellar/ruby/2.1.0/lib/ruby/gems/2.1.0/specifications/rb-inotify-0.9.3.gemspec
I, [2014-01-04T22:11:35.239573 #2495]  INFO -- : 0:  rb-kqueue (0.2.0) from /usr/local/Cellar/ruby/2.1.0/lib/ruby/gems/2.1.0/specifications/rb-kqueue-0.2.0.gemspec
I, [2014-01-04T22:11:35.239776 #2495]  INFO -- : 0:  listen (1.3.1) from /usr/local/Cellar/ruby/2.1.0/lib/ruby/gems/2.1.0/specifications/listen-1.3.1.gemspec
I, [2014-01-04T22:11:35.239987 #2495]  INFO -- : 0:  maruku (0.7.0) from /usr/local/Cellar/ruby/2.1.0/lib/ruby/gems/2.1.0/specifications/maruku-0.7.0.gemspec
I, [2014-01-04T22:11:35.240263 #2495]  INFO -- : 0:  posix-spawn (0.3.8) from /usr/local/Cellar/ruby/2.1.0/lib/ruby/gems/2.1.0/specifications/posix-spawn-0.3.8.gemspec
I, [2014-01-04T22:11:35.240467 #2495]  INFO -- : 0:  yajl-ruby (1.1.0) from /usr/local/Cellar/ruby/2.1.0/lib/ruby/gems/2.1.0/specifications/yajl-ruby-1.1.0.gemspec
I, [2014-01-04T22:11:35.240678 #2495]  INFO -- : 0:  pygments.rb (0.5.4) from /usr/local/Cellar/ruby/2.1.0/lib/ruby/gems/2.1.0/specifications/pygments.rb-0.5.4.gemspec
I, [2014-01-04T22:11:35.240875 #2495]  INFO -- : 0:  redcarpet (2.3.0) from /usr/local/Cellar/ruby/2.1.0/lib/ruby/gems/2.1.0/specifications/redcarpet-2.3.0.gemspec
I, [2014-01-04T22:11:35.241079 #2495]  INFO -- : 0:  safe_yaml (0.9.7) from /usr/local/Cellar/ruby/2.1.0/lib/ruby/gems/2.1.0/specifications/safe_yaml-0.9.7.gemspec
I, [2014-01-04T22:11:35.241272 #2495]  INFO -- : 0:  parslet (1.5.0) from /usr/local/Cellar/ruby/2.1.0/lib/ruby/gems/2.1.0/specifications/parslet-1.5.0.gemspec
I, [2014-01-04T22:11:35.241507 #2495]  INFO -- : 0:  toml (0.1.0) from /usr/local/Cellar/ruby/2.1.0/lib/ruby/gems/2.1.0/specifications/toml-0.1.0.gemspec
I, [2014-01-04T22:11:35.241711 #2495]  INFO -- : 0:  jekyll (1.4.2) from /usr/local/Cellar/ruby/2.1.0/lib/ruby/gems/2.1.0/specifications/jekyll-1.4.2.gemspec
I, [2014-01-04T22:11:35.241924 #2495]  INFO -- : 0:  multi_json (1.8.2) from /usr/local/Cellar/ruby/2.1.0/lib/ruby/gems/2.1.0/specifications/multi_json-1.8.2.gemspec
I, [2014-01-04T22:11:35.242134 #2495]  INFO -- : 0:  rack (1.5.2) from /usr/local/Cellar/ruby/2.1.0/lib/ruby/gems/2.1.0/specifications/rack-1.5.2.gemspec
I, [2014-01-04T22:11:35.242353 #2495]  INFO -- : 0:  tilt (1.4.1) from /usr/local/Cellar/ruby/2.1.0/lib/ruby/gems/2.1.0/specifications/tilt-1.4.1.gemspec
I, [2014-01-04T22:11:35.242554 #2495]  INFO -- : 0:  sprockets (2.10.1) from /usr/local/Cellar/ruby/2.1.0/lib/ruby/gems/2.1.0/specifications/sprockets-2.10.1.gemspec
I, [2014-01-04T22:11:35.242750 #2495]  INFO -- : 0:  jekyll-assets (0.7.4) from /usr/local/Cellar/ruby/2.1.0/lib/ruby/gems/2.1.0/specifications/jekyll-assets-0.7.4.gemspec
I, [2014-01-04T22:11:35.242948 #2495]  INFO -- : 0:  rdiscount (2.1.7) from /usr/local/Cellar/ruby/2.1.0/lib/ruby/gems/2.1.0/specifications/rdiscount-2.1.7.gemspec
I, [2014-01-04T22:11:35.243143 #2495]  INFO -- : 0:  sass (3.2.13) from /usr/local/Cellar/ruby/2.1.0/lib/ruby/gems/2.1.0/specifications/sass-3.2.13.gemspec
I, [2014-01-04T22:11:35.243316 #2495]  INFO -- : 0:  bundler (1.5.1) from /usr/local/Cellar/ruby/2.1.0/lib/ruby/gems/2.1.0/specifications/bundler-1.5.1.gemspec
I, [2014-01-05T20:02:18.438810 #399]  INFO -- : 0:  blankslate (2.1.2.4) from /usr/local/Cellar/ruby/2.1.0/lib/ruby/gems/2.1.0/specifications/blankslate-2.1.2.4.gemspec
I, [2014-01-05T20:02:18.451361 #399]  INFO -- : 0:  fast-stemmer (1.0.2) from /usr/local/Cellar/ruby/2.1.0/lib/ruby/gems/2.1.0/specifications/fast-stemmer-1.0.2.gemspec
I, [2014-01-05T20:02:18.451903 #399]  INFO -- : 0:  classifier (1.3.4) from /usr/local/Cellar/ruby/2.1.0/lib/ruby/gems/2.1.0/specifications/classifier-1.3.4.gemspec
I, [2014-01-05T20:02:18.452354 #399]  INFO -- : 0:  coffee-script-source (1.6.3) from /usr/local/Cellar/ruby/2.1.0/lib/ruby/gems/2.1.0/specifications/coffee-script-source-1.6.3.gemspec
I, [2014-01-05T20:02:18.452868 #399]  INFO -- : 0:  execjs (2.0.2) from /usr/local/Cellar/ruby/2.1.0/lib/ruby/gems/2.1.0/specifications/execjs-2.0.2.gemspec
I, [2014-01-05T20:02:18.453296 #399]  INFO -- : 0:  coffee-script (2.2.0) from /usr/local/Cellar/ruby/2.1.0/lib/ruby/gems/2.1.0/specifications/coffee-script-2.2.0.gemspec
I, [2014-01-05T20:02:18.453701 #399]  INFO -- : 0:  colorator (0.1) from /usr/local/Cellar/ruby/2.1.0/lib/ruby/gems/2.1.0/specifications/colorator-0.1.gemspec
I, [2014-01-05T20:02:18.454163 #399]  INFO -- : 0:  highline (1.6.20) from /usr/local/Cellar/ruby/2.1.0/lib/ruby/gems/2.1.0/specifications/highline-1.6.20.gemspec
I, [2014-01-05T20:02:18.454583 #399]  INFO -- : 0:  commander (4.1.5) from /usr/local/Cellar/ruby/2.1.0/lib/ruby/gems/2.1.0/specifications/commander-4.1.5.gemspec
I, [2014-01-05T20:02:18.455026 #399]  INFO -- : 0:  ffi (1.9.3) from /usr/local/Cellar/ruby/2.1.0/lib/ruby/gems/2.1.0/specifications/ffi-1.9.3.gemspec
I, [2014-01-05T20:02:18.455446 #399]  INFO -- : 0:  hike (1.2.3) from /usr/local/Cellar/ruby/2.1.0/lib/ruby/gems/2.1.0/specifications/hike-1.2.3.gemspec
I, [2014-01-05T20:02:18.455920 #399]  INFO -- : 0:  liquid (2.5.4) from /usr/local/Cellar/ruby/2.1.0/lib/ruby/gems/2.1.0/specifications/liquid-2.5.4.gemspec
I, [2014-01-05T20:02:18.456358 #399]  INFO -- : 0:  rb-fsevent (0.9.4) from /usr/local/Cellar/ruby/2.1.0/lib/ruby/gems/2.1.0/specifications/rb-fsevent-0.9.4.gemspec
I, [2014-01-05T20:02:18.456795 #399]  INFO -- : 0:  rb-inotify (0.9.3) from /usr/local/Cellar/ruby/2.1.0/lib/ruby/gems/2.1.0/specifications/rb-inotify-0.9.3.gemspec
I, [2014-01-05T20:02:18.457198 #399]  INFO -- : 0:  rb-kqueue (0.2.0) from /usr/local/Cellar/ruby/2.1.0/lib/ruby/gems/2.1.0/specifications/rb-kqueue-0.2.0.gemspec
I, [2014-01-05T20:02:18.457655 #399]  INFO -- : 0:  listen (1.3.1) from /usr/local/Cellar/ruby/2.1.0/lib/ruby/gems/2.1.0/specifications/listen-1.3.1.gemspec
I, [2014-01-05T20:02:18.458136 #399]  INFO -- : 0:  maruku (0.7.0) from /usr/local/Cellar/ruby/2.1.0/lib/ruby/gems/2.1.0/specifications/maruku-0.7.0.gemspec
I, [2014-01-05T20:02:18.458556 #399]  INFO -- : 0:  posix-spawn (0.3.8) from /usr/local/Cellar/ruby/2.1.0/lib/ruby/gems/2.1.0/specifications/posix-spawn-0.3.8.gemspec
I, [2014-01-05T20:02:18.458970 #399]  INFO -- : 0:  yajl-ruby (1.1.0) from /usr/local/Cellar/ruby/2.1.0/lib/ruby/gems/2.1.0/specifications/yajl-ruby-1.1.0.gemspec
I, [2014-01-05T20:02:18.459452 #399]  INFO -- : 0:  pygments.rb (0.5.4) from /usr/local/Cellar/ruby/2.1.0/lib/ruby/gems/2.1.0/specifications/pygments.rb-0.5.4.gemspec
I, [2014-01-05T20:02:18.459889 #399]  INFO -- : 0:  redcarpet (2.3.0) from /usr/local/Cellar/ruby/2.1.0/lib/ruby/gems/2.1.0/specifications/redcarpet-2.3.0.gemspec
I, [2014-01-05T20:02:18.460302 #399]  INFO -- : 0:  safe_yaml (0.9.7) from /usr/local/Cellar/ruby/2.1.0/lib/ruby/gems/2.1.0/specifications/safe_yaml-0.9.7.gemspec
I, [2014-01-05T20:02:18.460723 #399]  INFO -- : 0:  parslet (1.5.0) from /usr/local/Cellar/ruby/2.1.0/lib/ruby/gems/2.1.0/specifications/parslet-1.5.0.gemspec
I, [2014-01-05T20:02:18.461122 #399]  INFO -- : 0:  toml (0.1.0) from /usr/local/Cellar/ruby/2.1.0/lib/ruby/gems/2.1.0/specifications/toml-0.1.0.gemspec
I, [2014-01-05T20:02:18.461530 #399]  INFO -- : 0:  jekyll (1.4.2) from /usr/local/Cellar/ruby/2.1.0/lib/ruby/gems/2.1.0/specifications/jekyll-1.4.2.gemspec
I, [2014-01-05T20:02:18.461926 #399]  INFO -- : 0:  multi_json (1.8.2) from /usr/local/Cellar/ruby/2.1.0/lib/ruby/gems/2.1.0/specifications/multi_json-1.8.2.gemspec
I, [2014-01-05T20:02:18.462306 #399]  INFO -- : 0:  rack (1.5.2) from /usr/local/Cellar/ruby/2.1.0/lib/ruby/gems/2.1.0/specifications/rack-1.5.2.gemspec
I, [2014-01-05T20:02:18.462677 #399]  INFO -- : 0:  tilt (1.4.1) from /usr/local/Cellar/ruby/2.1.0/lib/ruby/gems/2.1.0/specifications/tilt-1.4.1.gemspec
I, [2014-01-05T20:02:18.463051 #399]  INFO -- : 0:  sprockets (2.10.1) from /usr/local/Cellar/ruby/2.1.0/lib/ruby/gems/2.1.0/specifications/sprockets-2.10.1.gemspec
I, [2014-01-05T20:02:18.463442 #399]  INFO -- : 0:  jekyll-assets (0.7.4) from /usr/local/Cellar/ruby/2.1.0/lib/ruby/gems/2.1.0/specifications/jekyll-assets-0.7.4.gemspec
I, [2014-01-05T20:02:18.463815 #399]  INFO -- : 0:  json (1.8.1) from /usr/local/Cellar/ruby/2.1.0/lib/ruby/gems/2.1.0/specifications/default/json-1.8.1.gemspec
I, [2014-01-05T20:02:18.464220 #399]  INFO -- : 0:  rdiscount (2.1.7) from /usr/local/Cellar/ruby/2.1.0/lib/ruby/gems/2.1.0/specifications/rdiscount-2.1.7.gemspec
I, [2014-01-05T20:02:18.464626 #399]  INFO -- : 0:  sass (3.2.13) from /usr/local/Cellar/ruby/2.1.0/lib/ruby/gems/2.1.0/specifications/sass-3.2.13.gemspec
I, [2014-01-05T20:02:18.464982 #399]  INFO -- : 0:  uglifier (2.4.0) from /usr/local/Cellar/ruby/2.1.0/lib/ruby/gems/2.1.0/specifications/uglifier-2.4.0.gemspec
I, [2014-01-05T20:02:18.465362 #399]  INFO -- : 0:  bundler (1.5.1) from /usr/local/Cellar/ruby/2.1.0/lib/ruby/gems/2.1.0/specifications/bundler-1.5.1.gemspec
I, [2014-01-06T22:24:54.351769 #2369]  INFO -- : 0:  blankslate (2.1.2.4) from /usr/local/Cellar/ruby/2.1.0/lib/ruby/gems/2.1.0/specifications/blankslate-2.1.2.4.gemspec
I, [2014-01-06T22:24:54.367277 #2369]  INFO -- : 0:  fast-stemmer (1.0.2) from /usr/local/Cellar/ruby/2.1.0/lib/ruby/gems/2.1.0/specifications/fast-stemmer-1.0.2.gemspec
I, [2014-01-06T22:24:54.367513 #2369]  INFO -- : 0:  classifier (1.3.4) from /usr/local/Cellar/ruby/2.1.0/lib/ruby/gems/2.1.0/specifications/classifier-1.3.4.gemspec
I, [2014-01-06T22:24:54.367724 #2369]  INFO -- : 0:  coffee-script-source (1.6.3) from /usr/local/Cellar/ruby/2.1.0/lib/ruby/gems/2.1.0/specifications/coffee-script-source-1.6.3.gemspec
I, [2014-01-06T22:24:54.367931 #2369]  INFO -- : 0:  execjs (2.0.2) from /usr/local/Cellar/ruby/2.1.0/lib/ruby/gems/2.1.0/specifications/execjs-2.0.2.gemspec
I, [2014-01-06T22:24:54.368136 #2369]  INFO -- : 0:  coffee-script (2.2.0) from /usr/local/Cellar/ruby/2.1.0/lib/ruby/gems/2.1.0/specifications/coffee-script-2.2.0.gemspec
I, [2014-01-06T22:24:54.368341 #2369]  INFO -- : 0:  colorator (0.1) from /usr/local/Cellar/ruby/2.1.0/lib/ruby/gems/2.1.0/specifications/colorator-0.1.gemspec
I, [2014-01-06T22:24:54.368544 #2369]  INFO -- : 0:  highline (1.6.20) from /usr/local/Cellar/ruby/2.1.0/lib/ruby/gems/2.1.0/specifications/highline-1.6.20.gemspec
I, [2014-01-06T22:24:54.368745 #2369]  INFO -- : 0:  commander (4.1.5) from /usr/local/Cellar/ruby/2.1.0/lib/ruby/gems/2.1.0/specifications/commander-4.1.5.gemspec
I, [2014-01-06T22:24:54.368962 #2369]  INFO -- : 0:  ffi (1.9.3) from /usr/local/Cellar/ruby/2.1.0/lib/ruby/gems/2.1.0/specifications/ffi-1.9.3.gemspec
I, [2014-01-06T22:24:54.369172 #2369]  INFO -- : 0:  hike (1.2.3) from /usr/local/Cellar/ruby/2.1.0/lib/ruby/gems/2.1.0/specifications/hike-1.2.3.gemspec
I, [2014-01-06T22:24:54.369374 #2369]  INFO -- : 0:  liquid (2.5.4) from /usr/local/Cellar/ruby/2.1.0/lib/ruby/gems/2.1.0/specifications/liquid-2.5.4.gemspec
I, [2014-01-06T22:24:54.369746 #2369]  INFO -- : 0:  rb-fsevent (0.9.4) from /usr/local/Cellar/ruby/2.1.0/lib/ruby/gems/2.1.0/specifications/rb-fsevent-0.9.4.gemspec
I, [2014-01-06T22:24:54.369937 #2369]  INFO -- : 0:  rb-inotify (0.9.3) from /usr/local/Cellar/ruby/2.1.0/lib/ruby/gems/2.1.0/specifications/rb-inotify-0.9.3.gemspec
I, [2014-01-06T22:24:54.370140 #2369]  INFO -- : 0:  rb-kqueue (0.2.0) from /usr/local/Cellar/ruby/2.1.0/lib/ruby/gems/2.1.0/specifications/rb-kqueue-0.2.0.gemspec
I, [2014-01-06T22:24:54.370336 #2369]  INFO -- : 0:  listen (1.3.1) from /usr/local/Cellar/ruby/2.1.0/lib/ruby/gems/2.1.0/specifications/listen-1.3.1.gemspec
I, [2014-01-06T22:24:54.370548 #2369]  INFO -- : 0:  maruku (0.7.0) from /usr/local/Cellar/ruby/2.1.0/lib/ruby/gems/2.1.0/specifications/maruku-0.7.0.gemspec
I, [2014-01-06T22:24:54.370764 #2369]  INFO -- : 0:  posix-spawn (0.3.8) from /usr/local/Cellar/ruby/2.1.0/lib/ruby/gems/2.1.0/specifications/posix-spawn-0.3.8.gemspec
I, [2014-01-06T22:24:54.370959 #2369]  INFO -- : 0:  yajl-ruby (1.1.0) from /usr/local/Cellar/ruby/2.1.0/lib/ruby/gems/2.1.0/specifications/yajl-ruby-1.1.0.gemspec
I, [2014-01-06T22:24:54.371156 #2369]  INFO -- : 0:  pygments.rb (0.5.4) from /usr/local/Cellar/ruby/2.1.0/lib/ruby/gems/2.1.0/specifications/pygments.rb-0.5.4.gemspec
I, [2014-01-06T22:24:54.371352 #2369]  INFO -- : 0:  redcarpet (2.3.0) from /usr/local/Cellar/ruby/2.1.0/lib/ruby/gems/2.1.0/specifications/redcarpet-2.3.0.gemspec
I, [2014-01-06T22:24:54.371548 #2369]  INFO -- : 0:  safe_yaml (0.9.7) from /usr/local/Cellar/ruby/2.1.0/lib/ruby/gems/2.1.0/specifications/safe_yaml-0.9.7.gemspec
I, [2014-01-06T22:24:54.371743 #2369]  INFO -- : 0:  parslet (1.5.0) from /usr/local/Cellar/ruby/2.1.0/lib/ruby/gems/2.1.0/specifications/parslet-1.5.0.gemspec
I, [2014-01-06T22:24:54.371937 #2369]  INFO -- : 0:  toml (0.1.0) from /usr/local/Cellar/ruby/2.1.0/lib/ruby/gems/2.1.0/specifications/toml-0.1.0.gemspec
I, [2014-01-06T22:24:54.372132 #2369]  INFO -- : 0:  jekyll (1.4.2) from /usr/local/Cellar/ruby/2.1.0/lib/ruby/gems/2.1.0/specifications/jekyll-1.4.2.gemspec
I, [2014-01-06T22:24:54.372329 #2369]  INFO -- : 0:  multi_json (1.8.2) from /usr/local/Cellar/ruby/2.1.0/lib/ruby/gems/2.1.0/specifications/multi_json-1.8.2.gemspec
I, [2014-01-06T22:24:54.372533 #2369]  INFO -- : 0:  rack (1.5.2) from /usr/local/Cellar/ruby/2.1.0/lib/ruby/gems/2.1.0/specifications/rack-1.5.2.gemspec
I, [2014-01-06T22:24:54.372732 #2369]  INFO -- : 0:  tilt (1.4.1) from /usr/local/Cellar/ruby/2.1.0/lib/ruby/gems/2.1.0/specifications/tilt-1.4.1.gemspec
I, [2014-01-06T22:24:54.372931 #2369]  INFO -- : 0:  sprockets (2.10.1) from /usr/local/Cellar/ruby/2.1.0/lib/ruby/gems/2.1.0/specifications/sprockets-2.10.1.gemspec
I, [2014-01-06T22:24:54.373143 #2369]  INFO -- : 0:  jekyll-assets (0.7.4) from /usr/local/Cellar/ruby/2.1.0/lib/ruby/gems/2.1.0/specifications/jekyll-assets-0.7.4.gemspec
I, [2014-01-06T22:24:54.373326 #2369]  INFO -- : 0:  json (1.8.1) from /usr/local/Cellar/ruby/2.1.0/lib/ruby/gems/2.1.0/specifications/default/json-1.8.1.gemspec
I, [2014-01-06T22:24:56.839527 #2369]  INFO -- : 0:  kramdown (1.3.1) from /usr/local/Cellar/ruby/2.1.0/lib/ruby/gems/2.1.0/specifications/kramdown-1.3.1.gemspec
I, [2014-01-06T22:24:56.840173 #2369]  INFO -- : 0:  sass (3.2.13) from /usr/local/Cellar/ruby/2.1.0/lib/ruby/gems/2.1.0/specifications/sass-3.2.13.gemspec
I, [2014-01-06T22:24:56.840698 #2369]  INFO -- : 0:  uglifier (2.4.0) from /usr/local/Cellar/ruby/2.1.0/lib/ruby/gems/2.1.0/specifications/uglifier-2.4.0.gemspec
I, [2014-01-06T22:24:56.841161 #2369]  INFO -- : 0:  bundler (1.5.1) from /usr/local/Cellar/ruby/2.1.0/lib/ruby/gems/2.1.0/specifications/bundler-1.5.1.gemspec
I, [2014-01-07T19:57:07.402509 #88589]  INFO -- : 0:  blankslate (2.1.2.4) from /usr/local/Cellar/ruby/2.1.0/lib/ruby/gems/2.1.0/specifications/blankslate-2.1.2.4.gemspec
I, [2014-01-07T19:57:07.403473 #88589]  INFO -- : 0:  fast-stemmer (1.0.2) from /usr/local/Cellar/ruby/2.1.0/lib/ruby/gems/2.1.0/specifications/fast-stemmer-1.0.2.gemspec
I, [2014-01-07T19:57:07.403989 #88589]  INFO -- : 0:  classifier (1.3.4) from /usr/local/Cellar/ruby/2.1.0/lib/ruby/gems/2.1.0/specifications/classifier-1.3.4.gemspec
I, [2014-01-07T19:57:08.635721 #88589]  INFO -- : 0:  coffee-script-source (1.6.3) from /usr/local/Cellar/ruby/2.1.0/lib/ruby/gems/2.1.0/specifications/coffee-script-source-1.6.3.gemspec
I, [2014-01-07T19:57:08.636426 #88589]  INFO -- : 0:  execjs (2.0.2) from /usr/local/Cellar/ruby/2.1.0/lib/ruby/gems/2.1.0/specifications/execjs-2.0.2.gemspec
I, [2014-01-07T19:57:09.689288 #88589]  INFO -- : 0:  coffee-script (2.2.0) from /usr/local/Cellar/ruby/2.1.0/lib/ruby/gems/2.1.0/specifications/coffee-script-2.2.0.gemspec
I, [2014-01-07T19:57:09.689965 #88589]  INFO -- : 0:  colorator (0.1) from /usr/local/Cellar/ruby/2.1.0/lib/ruby/gems/2.1.0/specifications/colorator-0.1.gemspec
I, [2014-01-07T19:57:09.690468 #88589]  INFO -- : 0:  highline (1.6.20) from /usr/local/Cellar/ruby/2.1.0/lib/ruby/gems/2.1.0/specifications/highline-1.6.20.gemspec
I, [2014-01-07T19:57:09.690897 #88589]  INFO -- : 0:  commander (4.1.5) from /usr/local/Cellar/ruby/2.1.0/lib/ruby/gems/2.1.0/specifications/commander-4.1.5.gemspec
I, [2014-01-07T19:57:09.691319 #88589]  INFO -- : 0:  ffi (1.9.3) from /usr/local/Cellar/ruby/2.1.0/lib/ruby/gems/2.1.0/specifications/ffi-1.9.3.gemspec
I, [2014-01-07T19:57:10.730679 #88589]  INFO -- : 0:  hike (1.2.3) from /usr/local/Cellar/ruby/2.1.0/lib/ruby/gems/2.1.0/specifications/hike-1.2.3.gemspec
I, [2014-01-07T19:57:10.731256 #88589]  INFO -- : 0:  liquid (2.5.4) from /usr/local/Cellar/ruby/2.1.0/lib/ruby/gems/2.1.0/specifications/liquid-2.5.4.gemspec
I, [2014-01-07T19:57:10.731630 #88589]  INFO -- : 0:  rb-fsevent (0.9.4) from /usr/local/Cellar/ruby/2.1.0/lib/ruby/gems/2.1.0/specifications/rb-fsevent-0.9.4.gemspec
I, [2014-01-07T19:57:10.731976 #88589]  INFO -- : 0:  rb-inotify (0.9.3) from /usr/local/Cellar/ruby/2.1.0/lib/ruby/gems/2.1.0/specifications/rb-inotify-0.9.3.gemspec
I, [2014-01-07T19:57:10.732322 #88589]  INFO -- : 0:  rb-kqueue (0.2.0) from /usr/local/Cellar/ruby/2.1.0/lib/ruby/gems/2.1.0/specifications/rb-kqueue-0.2.0.gemspec
I, [2014-01-07T19:57:10.732666 #88589]  INFO -- : 0:  listen (1.3.1) from /usr/local/Cellar/ruby/2.1.0/lib/ruby/gems/2.1.0/specifications/listen-1.3.1.gemspec
I, [2014-01-07T19:57:10.733056 #88589]  INFO -- : 0:  maruku (0.7.0) from /usr/local/Cellar/ruby/2.1.0/lib/ruby/gems/2.1.0/specifications/maruku-0.7.0.gemspec
I, [2014-01-07T19:57:10.733473 #88589]  INFO -- : 0:  posix-spawn (0.3.8) from /usr/local/Cellar/ruby/2.1.0/lib/ruby/gems/2.1.0/specifications/posix-spawn-0.3.8.gemspec
I, [2014-01-07T19:57:10.734022 #88589]  INFO -- : 0:  yajl-ruby (1.1.0) from /usr/local/Cellar/ruby/2.1.0/lib/ruby/gems/2.1.0/specifications/yajl-ruby-1.1.0.gemspec
I, [2014-01-07T19:57:10.734542 #88589]  INFO -- : 0:  pygments.rb (0.5.4) from /usr/local/Cellar/ruby/2.1.0/lib/ruby/gems/2.1.0/specifications/pygments.rb-0.5.4.gemspec
I, [2014-01-07T19:57:10.735106 #88589]  INFO -- : 0:  redcarpet (2.3.0) from /usr/local/Cellar/ruby/2.1.0/lib/ruby/gems/2.1.0/specifications/redcarpet-2.3.0.gemspec
I, [2014-01-07T19:57:10.735653 #88589]  INFO -- : 0:  safe_yaml (0.9.7) from /usr/local/Cellar/ruby/2.1.0/lib/ruby/gems/2.1.0/specifications/safe_yaml-0.9.7.gemspec
I, [2014-01-07T19:57:10.736155 #88589]  INFO -- : 0:  parslet (1.5.0) from /usr/local/Cellar/ruby/2.1.0/lib/ruby/gems/2.1.0/specifications/parslet-1.5.0.gemspec
I, [2014-01-07T19:57:10.736630 #88589]  INFO -- : 0:  toml (0.1.0) from /usr/local/Cellar/ruby/2.1.0/lib/ruby/gems/2.1.0/specifications/toml-0.1.0.gemspec
I, [2014-01-07T19:57:10.737084 #88589]  INFO -- : 0:  jekyll (1.4.2) from /usr/local/Cellar/ruby/2.1.0/lib/ruby/gems/2.1.0/specifications/jekyll-1.4.2.gemspec
I, [2014-01-07T19:57:11.973892 #88589]  INFO -- : 0:  multi_json (1.8.2) from /usr/local/Cellar/ruby/2.1.0/lib/ruby/gems/2.1.0/specifications/multi_json-1.8.2.gemspec
I, [2014-01-07T19:57:13.554734 #88589]  INFO -- : 0:  rack (1.5.2) from /usr/local/Cellar/ruby/2.1.0/lib/ruby/gems/2.1.0/specifications/rack-1.5.2.gemspec
I, [2014-01-07T19:57:14.838655 #88589]  INFO -- : 0:  tilt (1.4.1) from /usr/local/Cellar/ruby/2.1.0/lib/ruby/gems/2.1.0/specifications/tilt-1.4.1.gemspec
I, [2014-01-07T19:57:15.997438 #88589]  INFO -- : 0:  sprockets (2.10.1) from /usr/local/Cellar/ruby/2.1.0/lib/ruby/gems/2.1.0/specifications/sprockets-2.10.1.gemspec
I, [2014-01-07T19:57:17.166780 #88589]  INFO -- : 0:  jekyll-assets (0.7.4) from /usr/local/Cellar/ruby/2.1.0/lib/ruby/gems/2.1.0/specifications/jekyll-assets-0.7.4.gemspec
I, [2014-01-07T19:57:17.167225 #88589]  INFO -- : 0:  json (1.8.1) from /usr/local/Cellar/ruby/2.1.0/lib/ruby/gems/2.1.0/specifications/default/json-1.8.1.gemspec
I, [2014-01-07T19:57:17.167619 #88589]  INFO -- : 0:  rdiscount (2.1.7) from /usr/local/Cellar/ruby/2.1.0/lib/ruby/gems/2.1.0/specifications/rdiscount-2.1.7.gemspec
I, [2014-01-07T19:57:19.067981 #88589]  INFO -- : 0:  sass (3.2.13) from /usr/local/Cellar/ruby/2.1.0/lib/ruby/gems/2.1.0/specifications/sass-3.2.13.gemspec
I, [2014-01-07T19:57:19.068424 #88589]  INFO -- : 0:  uglifier (2.4.0) from /usr/local/Cellar/ruby/2.1.0/lib/ruby/gems/2.1.0/specifications/uglifier-2.4.0.gemspec
I, [2014-01-07T19:57:19.068711 #88589]  INFO -- : 0:  bundler (1.5.1) from /usr/local/Cellar/ruby/2.1.0/lib/ruby/gems/2.1.0/specifications/bundler-1.5.1.gemspec
